<?xml version="1.0" encoding="UTF-8"?>
<testng-results skipped="0" failed="1" total="1" passed="0">
  <reporter-output>
    <line>
      <![CDATA[<div style="display:block;margin-left:10px;"><div  class="fail"><span class="fail-label">F </span>org/openqa/selenium/WebDriverException : Unsupported major.minor version 52.0</div></div>]]>
    </line>
  </reporter-output>
  <suite name="Default suite" duration-ms="63" started-at="2017-05-03T10:24:04Z" finished-at="2017-05-03T10:24:04Z">
    <groups>
      <group name="SMOKE">
        <method signature="FlipkartTestSteps.search()[pri:0, instance:com.flipkart.Test.FlipkartTestSteps@527e2f47]" name="search" class="com.flipkart.Test.FlipkartTestSteps"/>
      </group> <!-- SMOKE -->
      <group name="P1">
        <method signature="FlipkartTestSteps.search()[pri:0, instance:com.flipkart.Test.FlipkartTestSteps@527e2f47]" name="search" class="com.flipkart.Test.FlipkartTestSteps"/>
      </group> <!-- P1 -->
      <group name="P2">
        <method signature="FlipkartTestSteps.search()[pri:0, instance:com.flipkart.Test.FlipkartTestSteps@527e2f47]" name="search" class="com.flipkart.Test.FlipkartTestSteps"/>
      </group> <!-- P2 -->
    </groups>
    <test name="Default test" duration-ms="63" started-at="2017-05-03T10:24:04Z" finished-at="2017-05-03T10:24:04Z">
      <class name="com.flipkart.Test.FlipkartTestSteps">
        <test-method status="PASS" signature="setupSuit(org.testng.ITestContext)[pri:0, instance:com.flipkart.Test.FlipkartTestSteps@527e2f47]" name="setupSuit" is-config="true" duration-ms="31" started-at="2017-05-03T15:54:04Z" finished-at="2017-05-03T15:54:04Z">
          <params>
            <param index="0">
              <value>
                <![CDATA[org.testng.TestRunner@f1b6fa6]]>
              </value>
            </param>
          </params>
          <reporter-output>
          </reporter-output>
        </test-method> <!-- setupSuit -->
        <test-method status="PASS" signature="setupTest(org.testng.ITestContext)[pri:0, instance:com.flipkart.Test.FlipkartTestSteps@527e2f47]" name="setupTest" is-config="true" duration-ms="0" started-at="2017-05-03T15:54:04Z" finished-at="2017-05-03T15:54:04Z">
          <params>
            <param index="0">
              <value>
                <![CDATA[org.testng.TestRunner@f1b6fa6]]>
              </value>
            </param>
          </params>
          <reporter-output>
          </reporter-output>
        </test-method> <!-- setupTest -->
        <test-method status="PASS" signature="setup(org.testng.ITestContext)[pri:0, instance:com.flipkart.Test.FlipkartTestSteps@527e2f47]" name="setup" is-config="true" duration-ms="0" started-at="2017-05-03T15:54:04Z" finished-at="2017-05-03T15:54:04Z">
          <params>
            <param index="0">
              <value>
                <![CDATA[org.testng.TestRunner@f1b6fa6]]>
              </value>
            </param>
          </params>
          <reporter-output>
          </reporter-output>
        </test-method> <!-- setup -->
        <test-method status="FAIL" signature="search()[pri:0, instance:com.flipkart.Test.FlipkartTestSteps@527e2f47]" name="search" duration-ms="16" started-at="2017-05-03T15:54:04Z" description="search mobile" finished-at="2017-05-03T15:54:04Z">
          <exception class="java.lang.UnsupportedClassVersionError">
            <message>
              <![CDATA[org/openqa/selenium/WebDriverException : Unsupported major.minor version 52.0]]>
            </message>
            <full-stacktrace>
              <![CDATA[java.lang.UnsupportedClassVersionError: org/openqa/selenium/WebDriverException : Unsupported major.minor version 52.0
	at java.lang.ClassLoader.defineClass1(Native Method)
	at java.lang.ClassLoader.defineClass(ClassLoader.java:800)
	at java.security.SecureClassLoader.defineClass(SecureClassLoader.java:142)
	at java.net.URLClassLoader.defineClass(URLClassLoader.java:449)
	at java.net.URLClassLoader.access$100(URLClassLoader.java:71)
	at java.net.URLClassLoader$1.run(URLClassLoader.java:361)
	at java.net.URLClassLoader$1.run(URLClassLoader.java:355)
	at java.security.AccessController.doPrivileged(Native Method)
	at java.net.URLClassLoader.findClass(URLClassLoader.java:354)
	at java.lang.ClassLoader.loadClass(ClassLoader.java:425)
	at sun.misc.Launcher$AppClassLoader.loadClass(Launcher.java:308)
	at java.lang.ClassLoader.loadClass(ClassLoader.java:358)
	at com.qmetry.qaf.automation.core.QAFTestBase.init(QAFTestBase.java:383)
	at com.qmetry.qaf.automation.core.QAFTestBase.getUiDriver(QAFTestBase.java:177)
	at com.qmetry.qaf.automation.ui.WebDriverTestBase.getDriver(WebDriverTestBase.java:47)
	at com.qmetry.qaf.automation.ui.WebDriverTestBase.getDriver(WebDriverTestBase.java:1)
	at com.qmetry.qaf.automation.ui.AbstractTestPage.<init>(AbstractTestPage.java:86)
	at com.qmetry.qaf.automation.ui.AbstractTestPage.<init>(AbstractTestPage.java:93)
	at com.qmetry.qaf.automation.ui.WebDriverBaseTestPage.<init>(WebDriverBaseTestPage.java:62)
	at com.qmetry.qaf.automation.ui.WebDriverBaseTestPage.<init>(WebDriverBaseTestPage.java:58)
	at com.flipkart.Page.FlipkartTestPage.<init>(FlipkartTestPage.java:12)
	at com.flipkart.Test.FlipkartTestSteps.search(FlipkartTestSteps.java:12)
	at sun.reflect.NativeMethodAccessorImpl.invoke0(Native Method)
	at sun.reflect.NativeMethodAccessorImpl.invoke(NativeMethodAccessorImpl.java:57)
	at sun.reflect.DelegatingMethodAccessorImpl.invoke(DelegatingMethodAccessorImpl.java:43)
	at java.lang.reflect.Method.invoke(Method.java:606)
	at org.testng.internal.MethodInvocationHelper.invokeMethod(MethodInvocationHelper.java:86)
	at org.testng.internal.Invoker.invokeMethod(Invoker.java:643)
	at org.testng.internal.Invoker.invokeTestMethod(Invoker.java:820)
	at org.testng.internal.Invoker.invokeTestMethods(Invoker.java:1128)
	at org.testng.internal.TestMethodWorker.invokeTestMethods(TestMethodWorker.java:129)
	at org.testng.internal.TestMethodWorker.run(TestMethodWorker.java:112)
	at org.testng.TestRunner.privateRun(TestRunner.java:806)
	at org.testng.TestRunner.run(TestRunner.java:656)
	at org.testng.SuiteRunner.runTest(SuiteRunner.java:366)
	at org.testng.SuiteRunner.runSequentially(SuiteRunner.java:361)
	at org.testng.SuiteRunner.privateRun(SuiteRunner.java:319)
	at org.testng.SuiteRunner.run(SuiteRunner.java:268)
	at org.testng.SuiteRunnerWorker.runSuite(SuiteRunnerWorker.java:52)
	at org.testng.SuiteRunnerWorker.run(SuiteRunnerWorker.java:86)
	at org.testng.TestNG.runSuitesSequentially(TestNG.java:1244)
	at org.testng.TestNG.runSuitesLocally(TestNG.java:1169)
	at org.testng.TestNG.run(TestNG.java:1064)
	at org.testng.remote.AbstractRemoteTestNG.run(AbstractRemoteTestNG.java:132)
	at org.testng.remote.RemoteTestNG.initAndRun(RemoteTestNG.java:236)
	at org.testng.remote.RemoteTestNG.main(RemoteTestNG.java:81)
]]>
            </full-stacktrace>
          </exception> <!-- java.lang.UnsupportedClassVersionError -->
          <reporter-output>
            <line>
              <![CDATA[<div style="display:block;margin-left:10px;"><div  class="fail"><span class="fail-label">F </span>org/openqa/selenium/WebDriverException : Unsupported major.minor version 52.0</div></div>]]>
            </line>
          </reporter-output>
        </test-method> <!-- search -->
        <test-method status="PASS" signature="setupMethod(java.lang.reflect.Method, org.testng.ITestContext)[pri:0, instance:com.flipkart.Test.FlipkartTestSteps@527e2f47]" name="setupMethod" is-config="true" duration-ms="0" started-at="2017-05-03T15:54:04Z" finished-at="2017-05-03T15:54:04Z">
          <params>
            <param index="0">
              <value>
                <![CDATA[public void com.flipkart.Test.FlipkartTestSteps.search()]]>
              </value>
            </param>
            <param index="1">
              <value>
                <![CDATA[org.testng.TestRunner@f1b6fa6]]>
              </value>
            </param>
          </params>
          <reporter-output>
          </reporter-output>
        </test-method> <!-- setupMethod -->
        <test-method status="PASS" signature="afterMethod(org.testng.ITestContext, org.testng.ITestResult)[pri:0, instance:com.flipkart.Test.FlipkartTestSteps@527e2f47]" name="afterMethod" is-config="true" duration-ms="0" started-at="2017-05-03T15:54:04Z" finished-at="2017-05-03T15:54:04Z">
          <params>
            <param index="0">
              <value>
                <![CDATA[org.testng.TestRunner@f1b6fa6]]>
              </value>
            </param>
            <param index="1">
              <value>
                <![CDATA[[TestResult name=search status=FAILURE method=FlipkartTestSteps.search()[pri:0, instance:com.flipkart.Test.FlipkartTestSteps@527e2f47] output=<div style="display:block;margin-left:10px;"><div  class="fail"><span class="fail-label">F </span>org/openqa/selenium/WebDriverException : Unsupported major.minor version 52.0</div></div>]]]>
              </value>
            </param>
          </params>
          <reporter-output>
          </reporter-output>
        </test-method> <!-- afterMethod -->
        <test-method status="PASS" signature="afterTest(org.testng.ITestContext)[pri:0, instance:com.flipkart.Test.FlipkartTestSteps@527e2f47]" name="afterTest" is-config="true" duration-ms="16" started-at="2017-05-03T15:54:04Z" finished-at="2017-05-03T15:54:04Z">
          <params>
            <param index="0">
              <value>
                <![CDATA[org.testng.TestRunner@f1b6fa6]]>
              </value>
            </param>
          </params>
          <reporter-output>
          </reporter-output>
        </test-method> <!-- afterTest -->
        <test-method status="PASS" signature="afterClass(org.testng.ITestContext)[pri:0, instance:com.flipkart.Test.FlipkartTestSteps@527e2f47]" name="afterClass" is-config="true" duration-ms="0" started-at="2017-05-03T15:54:04Z" finished-at="2017-05-03T15:54:04Z">
          <params>
            <param index="0">
              <value>
                <![CDATA[org.testng.TestRunner@f1b6fa6]]>
              </value>
            </param>
          </params>
          <reporter-output>
          </reporter-output>
        </test-method> <!-- afterClass -->
        <test-method status="PASS" signature="afterSuit(org.testng.ITestContext)[pri:0, instance:com.flipkart.Test.FlipkartTestSteps@527e2f47]" name="afterSuit" is-config="true" duration-ms="0" started-at="2017-05-03T15:54:05Z" finished-at="2017-05-03T15:54:05Z">
          <params>
            <param index="0">
              <value>
                <![CDATA[org.testng.TestRunner@f1b6fa6]]>
              </value>
            </param>
          </params>
          <reporter-output>
          </reporter-output>
        </test-method> <!-- afterSuit -->
      </class> <!-- com.flipkart.Test.FlipkartTestSteps -->
    </test> <!-- Default test -->
  </suite> <!-- Default suite -->
</testng-results>
