<?xml version="1.0" encoding="UTF-8"?>
<!-- Generated by org.testng.reporters.JUnitXMLReporter -->
<testsuite hostname="ICPL11544" name="BDD Test" tests="7" failures="0" timestamp="7 Apr 2017 10:59:15 GMT" time="0.715" errors="0">
  <testcase name="scenario7" time="0.344" classname="com.qmetry.qaf.automation.step.client.DataDrivenScenario">
    <skipped/>
  </testcase> <!-- scenario7 -->
  <testcase name="scenario7" time="0.031" classname="com.qmetry.qaf.automation.step.client.DataDrivenScenario">
    <skipped/>
  </testcase> <!-- scenario7 -->
  <testcase name="scenario7" time="0.016" classname="com.qmetry.qaf.automation.step.client.DataDrivenScenario">
    <skipped/>
  </testcase> <!-- scenario7 -->
  <testcase name="scenario1" time="0.072" classname="com.qmetry.qaf.automation.step.client.Scenario">
    <skipped/>
  </testcase> <!-- scenario1 -->
  <testcase name="scenario2" time="0.015" classname="com.qmetry.qaf.automation.step.client.Scenario">
    <skipped/>
  </testcase> <!-- scenario2 -->
  <testcase name="scenario3" time="0.032" classname="com.qmetry.qaf.automation.step.client.Scenario">
    <skipped/>
  </testcase> <!-- scenario3 -->
  <testcase name="sec" time="0.016" classname="com.qmetry.qaf.automation.step.client.Scenario">
    <skipped/>
  </testcase> <!-- sec -->
</testsuite> <!-- BDD Test -->
