<?xml version="1.0" encoding="UTF-8"?>
<testng-results skipped="1" failed="0" ignored="0" total="1" passed="0">
  <reporter-output>
    <line>
      <![CDATA[<div style="display:block;margin-left:10px;"></div>]]>
    </line>
  </reporter-output>
  <suite name="Suite" duration-ms="47825" started-at="2017-05-03T09:53:45Z" finished-at="2017-05-03T09:54:33Z">
    <groups>
      <group name="SMOKE">
        <method signature="FlipkartTestSteps.search()[pri:0, instance:com.flipkart.Test.FlipkartTestSteps@7b446af8]" name="search" class="com.flipkart.Test.FlipkartTestSteps"/>
      </group> <!-- SMOKE -->
      <group name="P1">
        <method signature="FlipkartTestSteps.search()[pri:0, instance:com.flipkart.Test.FlipkartTestSteps@7b446af8]" name="search" class="com.flipkart.Test.FlipkartTestSteps"/>
      </group> <!-- P1 -->
      <group name="P2">
        <method signature="FlipkartTestSteps.search()[pri:0, instance:com.flipkart.Test.FlipkartTestSteps@7b446af8]" name="search" class="com.flipkart.Test.FlipkartTestSteps"/>
      </group> <!-- P2 -->
    </groups>
    <test name="Test" duration-ms="47825" started-at="2017-05-03T09:53:45Z" finished-at="2017-05-03T09:54:33Z">
      <class name="com.flipkart.Test.FlipkartTestSteps">
        <test-method status="PASS" signature="setupSuit(org.testng.ITestContext)[pri:0, instance:com.flipkart.Test.FlipkartTestSteps@7b446af8]" name="setupSuit" is-config="true" duration-ms="15" started-at="2017-05-03T15:23:45Z" finished-at="2017-05-03T15:23:45Z">
          <params>
            <param index="0">
              <value>
                <![CDATA[org.testng.TestRunner@59643e65]]>
              </value>
            </param>
          </params>
          <reporter-output>
          </reporter-output>
        </test-method> <!-- setupSuit -->
        <test-method status="PASS" signature="setupTest(org.testng.ITestContext)[pri:0, instance:com.flipkart.Test.FlipkartTestSteps@7b446af8]" name="setupTest" is-config="true" duration-ms="0" started-at="2017-05-03T15:23:45Z" finished-at="2017-05-03T15:23:45Z">
          <params>
            <param index="0">
              <value>
                <![CDATA[org.testng.TestRunner@59643e65]]>
              </value>
            </param>
          </params>
          <reporter-output>
          </reporter-output>
        </test-method> <!-- setupTest -->
        <test-method status="PASS" signature="setupMethod(java.lang.reflect.Method, org.testng.ITestContext)[pri:0, instance:com.flipkart.Test.FlipkartTestSteps@7b446af8]" name="setupMethod" is-config="true" duration-ms="0" started-at="2017-05-03T15:23:45Z" finished-at="2017-05-03T15:23:45Z">
          <params>
            <param index="0">
              <value>
                <![CDATA[public void com.flipkart.Test.FlipkartTestSteps.search()]]>
              </value>
            </param>
            <param index="1">
              <value>
                <![CDATA[org.testng.TestRunner@59643e65]]>
              </value>
            </param>
          </params>
          <reporter-output>
          </reporter-output>
        </test-method> <!-- setupMethod -->
        <test-method status="PASS" signature="setup(org.testng.ITestContext)[pri:0, instance:com.flipkart.Test.FlipkartTestSteps@7b446af8]" name="setup" is-config="true" duration-ms="0" started-at="2017-05-03T15:23:45Z" finished-at="2017-05-03T15:23:45Z">
          <params>
            <param index="0">
              <value>
                <![CDATA[org.testng.TestRunner@59643e65]]>
              </value>
            </param>
          </params>
          <reporter-output>
          </reporter-output>
        </test-method> <!-- setup -->
        <test-method status="SKIP" signature="search()[pri:0, instance:com.flipkart.Test.FlipkartTestSteps@7b446af8]" name="search" duration-ms="47794" started-at="2017-05-03T15:23:45Z" description="search mobile" finished-at="2017-05-03T15:24:32Z">
          <exception class="com.qmetry.qaf.automation.core.AutomationError">
            <message>
              <![CDATA[Timed out after 0 seconds: Unable to create driver instance in 1st attempt with retry timeout of 0 seconds. You can check/set value of 'driver.init.retry.timeout' appropriately to set retry timeout on driver initialization failure.
Failed to connect to binary FirefoxBinary(C:\Program Files\Mozilla Firefox\firefox.exe) on port 7055; process output follows: 
4474-a285-3208198ce6fd}","syncGUID":"4y62SLfT945I","location":"app-global","version":"47.0.1","type":"theme","internalName":"classic/1.0","updateURL":null,"updateKey":null,"optionsURL":null,"optionsType":null,"aboutURL":null,"icons":{"32":"icon.png","48":"icon.png"},"iconURL":null,"icon64URL":null,"defaultLocale":{"name":"Default","description":"The default theme.","creator":"Mozilla","homepageURL":null,"contributors":["Mozilla Contributors"]},"visible":true,"active":true,"userDisabled":false,"appDisabled":false,"descriptor":"C:\\Program Files\\Mozilla Firefox\\browser\\extensions\\{972ce4c6-7e08-4474-a285-3208198ce6fd}.xpi","installDate":1466736750000,"updateDate":1466736750000,"applyBackgroundUpdates":1,"skinnable":true,"size":22012,"sourceURI":null,"releaseNotesURI":null,"softDisabled":false,"foreignInstall":false,"hasBinaryComponents":false,"strictCompatibility":true,"locales":[],"targetApplications":[{"id":"{ec8030f7-c20a-464f-9b0e-13a3a9e97384}","minVersion":"47.0.1","maxVersion":"47.0.1"}],"targetPlatforms":[],"seen":true}
1493805227128	addons.xpi	DEBUG	getModTime: Recursive scan of {972ce4c6-7e08-4474-a285-3208198ce6fd}
1493805227129	DeferredSave.extensions.json	DEBUG	Save changes
1493805227129	addons.xpi	DEBUG	Updating database with changes to installed add-ons
1493805227129	addons.xpi-utils	DEBUG	Updating add-on states
1493805227130	addons.xpi-utils	DEBUG	Writing add-ons list
1493805227133	addons.xpi	DEBUG	Registering manifest for C:\Program Files\Mozilla Firefox\browser\features\e10srollout@mozilla.org.xpi
1493805227133	addons.xpi	DEBUG	Calling bootstrap method startup on e10srollout@mozilla.org version 1.0
1493805227133	addons.xpi	DEBUG	Registering manifest for C:\Program Files\Mozilla Firefox\browser\features\firefox@getpocket.com.xpi
1493805227134	addons.xpi	DEBUG	Calling bootstrap method startup on firefox@getpocket.com version 1.0.2
1493805227135	addons.xpi	DEBUG	Registering manifest for C:\Program Files\Mozilla Firefox\browser\features\loop@mozilla.org.xpi
1493805227135	addons.xpi	DEBUG	Calling bootstrap method startup on loop@mozilla.org version 1.3.2
1493805227153	addons.manager	DEBUG	Registering shutdown blocker for XPIProvider
1493805227153	addons.manager	DEBUG	Provider finished startup: XPIProvider
1493805227153	addons.manager	DEBUG	Starting provider: LightweightThemeManager
1493805227153	addons.manager	DEBUG	Registering shutdown blocker for LightweightThemeManager
1493805227153	addons.manager	DEBUG	Provider finished startup: LightweightThemeManager
1493805227154	addons.manager	DEBUG	Starting provider: GMPProvider
1493805227159	addons.manager	DEBUG	Registering shutdown blocker for GMPProvider
1493805227160	addons.manager	DEBUG	Provider finished startup: GMPProvider
1493805227160	addons.manager	DEBUG	Starting provider: PluginProvider
1493805227160	addons.manager	DEBUG	Registering shutdown blocker for PluginProvider
1493805227160	addons.manager	DEBUG	Provider finished startup: PluginProvider
1493805227160	addons.manager	DEBUG	Completed startup sequence
1493805228434	DeferredSave.extensions.json	DEBUG	Starting write
1493805228441	addons.manager	DEBUG	Starting provider: <unnamed-provider>
1493805228441	addons.manager	DEBUG	Registering shutdown blocker for <unnamed-provider>
1493805228441	addons.manager	DEBUG	Provider finished startup: <unnamed-provider>
1493805228744	addons.repository	DEBUG	No addons.json found.
1493805228747	DeferredSave.addons.json	DEBUG	Save changes
1493805228761	DeferredSave.addons.json	DEBUG	Starting timer
1493805228784	addons.manager	DEBUG	Starting provider: PreviousExperimentProvider
1493805228784	addons.manager	DEBUG	Registering shutdown blocker for PreviousExperimentProvider
1493805228785	addons.manager	DEBUG	Provider finished startup: PreviousExperimentProvider
1493805228787	DeferredSave.extensions.json	DEBUG	Write succeeded
1493805228787	addons.xpi-utils	DEBUG	XPI Database saved, setting schema version preference to 17
1493805228815	DeferredSave.addons.json	DEBUG	Starting write
1493805228949	DeferredSave.addons.json	DEBUG	Write succeeded

Build info: version: '2.53.0', revision: '35ae25b1534ae328c771e0856c93e187490ca824', time: '2016-03-15 10:43:46'
System info: host: 'ICPL11544', ip: '10.11.31.147', os.name: 'Windows 8', os.arch: 'amd64', os.version: '6.2', java.version: '1.7.0_51'
Driver info: driver.version: FirefoxDriver]]>
            </message>
            <full-stacktrace>
              <![CDATA[com.qmetry.qaf.automation.core.AutomationError: Timed out after 0 seconds: Unable to create driver instance in 1st attempt with retry timeout of 0 seconds. You can check/set value of 'driver.init.retry.timeout' appropriately to set retry timeout on driver initialization failure.
Failed to connect to binary FirefoxBinary(C:\Program Files\Mozilla Firefox\firefox.exe) on port 7055; process output follows: 
4474-a285-3208198ce6fd}","syncGUID":"4y62SLfT945I","location":"app-global","version":"47.0.1","type":"theme","internalName":"classic/1.0","updateURL":null,"updateKey":null,"optionsURL":null,"optionsType":null,"aboutURL":null,"icons":{"32":"icon.png","48":"icon.png"},"iconURL":null,"icon64URL":null,"defaultLocale":{"name":"Default","description":"The default theme.","creator":"Mozilla","homepageURL":null,"contributors":["Mozilla Contributors"]},"visible":true,"active":true,"userDisabled":false,"appDisabled":false,"descriptor":"C:\\Program Files\\Mozilla Firefox\\browser\\extensions\\{972ce4c6-7e08-4474-a285-3208198ce6fd}.xpi","installDate":1466736750000,"updateDate":1466736750000,"applyBackgroundUpdates":1,"skinnable":true,"size":22012,"sourceURI":null,"releaseNotesURI":null,"softDisabled":false,"foreignInstall":false,"hasBinaryComponents":false,"strictCompatibility":true,"locales":[],"targetApplications":[{"id":"{ec8030f7-c20a-464f-9b0e-13a3a9e97384}","minVersion":"47.0.1","maxVersion":"47.0.1"}],"targetPlatforms":[],"seen":true}
1493805227128	addons.xpi	DEBUG	getModTime: Recursive scan of {972ce4c6-7e08-4474-a285-3208198ce6fd}
1493805227129	DeferredSave.extensions.json	DEBUG	Save changes
1493805227129	addons.xpi	DEBUG	Updating database with changes to installed add-ons
1493805227129	addons.xpi-utils	DEBUG	Updating add-on states
1493805227130	addons.xpi-utils	DEBUG	Writing add-ons list
1493805227133	addons.xpi	DEBUG	Registering manifest for C:\Program Files\Mozilla Firefox\browser\features\e10srollout@mozilla.org.xpi
1493805227133	addons.xpi	DEBUG	Calling bootstrap method startup on e10srollout@mozilla.org version 1.0
1493805227133	addons.xpi	DEBUG	Registering manifest for C:\Program Files\Mozilla Firefox\browser\features\firefox@getpocket.com.xpi
1493805227134	addons.xpi	DEBUG	Calling bootstrap method startup on firefox@getpocket.com version 1.0.2
1493805227135	addons.xpi	DEBUG	Registering manifest for C:\Program Files\Mozilla Firefox\browser\features\loop@mozilla.org.xpi
1493805227135	addons.xpi	DEBUG	Calling bootstrap method startup on loop@mozilla.org version 1.3.2
1493805227153	addons.manager	DEBUG	Registering shutdown blocker for XPIProvider
1493805227153	addons.manager	DEBUG	Provider finished startup: XPIProvider
1493805227153	addons.manager	DEBUG	Starting provider: LightweightThemeManager
1493805227153	addons.manager	DEBUG	Registering shutdown blocker for LightweightThemeManager
1493805227153	addons.manager	DEBUG	Provider finished startup: LightweightThemeManager
1493805227154	addons.manager	DEBUG	Starting provider: GMPProvider
1493805227159	addons.manager	DEBUG	Registering shutdown blocker for GMPProvider
1493805227160	addons.manager	DEBUG	Provider finished startup: GMPProvider
1493805227160	addons.manager	DEBUG	Starting provider: PluginProvider
1493805227160	addons.manager	DEBUG	Registering shutdown blocker for PluginProvider
1493805227160	addons.manager	DEBUG	Provider finished startup: PluginProvider
1493805227160	addons.manager	DEBUG	Completed startup sequence
1493805228434	DeferredSave.extensions.json	DEBUG	Starting write
1493805228441	addons.manager	DEBUG	Starting provider: <unnamed-provider>
1493805228441	addons.manager	DEBUG	Registering shutdown blocker for <unnamed-provider>
1493805228441	addons.manager	DEBUG	Provider finished startup: <unnamed-provider>
1493805228744	addons.repository	DEBUG	No addons.json found.
1493805228747	DeferredSave.addons.json	DEBUG	Save changes
1493805228761	DeferredSave.addons.json	DEBUG	Starting timer
1493805228784	addons.manager	DEBUG	Starting provider: PreviousExperimentProvider
1493805228784	addons.manager	DEBUG	Registering shutdown blocker for PreviousExperimentProvider
1493805228785	addons.manager	DEBUG	Provider finished startup: PreviousExperimentProvider
1493805228787	DeferredSave.extensions.json	DEBUG	Write succeeded
1493805228787	addons.xpi-utils	DEBUG	XPI Database saved, setting schema version preference to 17
1493805228815	DeferredSave.addons.json	DEBUG	Starting write
1493805228949	DeferredSave.addons.json	DEBUG	Write succeeded

Build info: version: '2.53.0', revision: '35ae25b1534ae328c771e0856c93e187490ca824', time: '2016-03-15 10:43:46'
System info: host: 'ICPL11544', ip: '10.11.31.147', os.name: 'Windows 8', os.arch: 'amd64', os.version: '6.2', java.version: '1.7.0_51'
Driver info: driver.version: FirefoxDriver
	at org.openqa.selenium.firefox.internal.NewProfileExtensionConnection.start(NewProfileExtensionConnection.java:125)
	at org.openqa.selenium.firefox.FirefoxDriver.startClient(FirefoxDriver.java:271)
	at org.openqa.selenium.remote.RemoteWebDriver.<init>(RemoteWebDriver.java:119)
	at org.openqa.selenium.firefox.FirefoxDriver.<init>(FirefoxDriver.java:216)
	at org.openqa.selenium.firefox.FirefoxDriver.<init>(FirefoxDriver.java:211)
	at org.openqa.selenium.firefox.FirefoxDriver.<init>(FirefoxDriver.java:128)
	at sun.reflect.NativeConstructorAccessorImpl.newInstance0(Native Method)
	at sun.reflect.NativeConstructorAccessorImpl.newInstance(NativeConstructorAccessorImpl.java:57)
	at sun.reflect.DelegatingConstructorAccessorImpl.newInstance(DelegatingConstructorAccessorImpl.java:45)
	at java.lang.reflect.Constructor.newInstance(Constructor.java:526)
	at com.qmetry.qaf.automation.ui.UiDriverFactory.getDriverObj(UiDriverFactory.java:239)
	at com.qmetry.qaf.automation.ui.UiDriverFactory.access$4(UiDriverFactory.java:234)
	at com.qmetry.qaf.automation.ui.UiDriverFactory$Browsers.getDriver(UiDriverFactory.java:417)
	at com.qmetry.qaf.automation.ui.UiDriverFactory$Browsers.access$5(UiDriverFactory.java:405)
	at com.qmetry.qaf.automation.ui.UiDriverFactory.getDriver(UiDriverFactory.java:227)
	at com.qmetry.qaf.automation.ui.UiDriverFactory.get(UiDriverFactory.java:94)
	at com.qmetry.qaf.automation.core.QAFTestBase$DriverInitExpectedCondition.apply(QAFTestBase.java:511)
	at com.qmetry.qaf.automation.core.QAFTestBase$DriverInitExpectedCondition.apply(QAFTestBase.java:1)
	at org.openqa.selenium.support.ui.FluentWait.until(FluentWait.java:238)
	at com.qmetry.qaf.automation.core.QAFTestBase.init(QAFTestBase.java:410)
	at com.qmetry.qaf.automation.core.QAFTestBase.getUiDriver(QAFTestBase.java:198)
	at com.qmetry.qaf.automation.ui.WebDriverTestBase.getDriver(WebDriverTestBase.java:47)
	at com.qmetry.qaf.automation.ui.WebDriverTestBase.getDriver(WebDriverTestBase.java:1)
	at com.qmetry.qaf.automation.ui.AbstractTestPage.<init>(AbstractTestPage.java:86)
	at com.qmetry.qaf.automation.ui.AbstractTestPage.<init>(AbstractTestPage.java:93)
	at com.qmetry.qaf.automation.ui.WebDriverBaseTestPage.<init>(WebDriverBaseTestPage.java:62)
	at com.qmetry.qaf.automation.ui.WebDriverBaseTestPage.<init>(WebDriverBaseTestPage.java:58)
	at com.flipkart.Page.FlipkartTestPage.<init>(FlipkartTestPage.java:12)
	at com.flipkart.Test.FlipkartTestSteps.search(FlipkartTestSteps.java:12)
	at sun.reflect.NativeMethodAccessorImpl.invoke0(Native Method)
	at sun.reflect.NativeMethodAccessorImpl.invoke(NativeMethodAccessorImpl.java:57)
	at sun.reflect.DelegatingMethodAccessorImpl.invoke(DelegatingMethodAccessorImpl.java:43)
	at java.lang.reflect.Method.invoke(Method.java:606)
	at org.testng.internal.MethodInvocationHelper.invokeMethod(MethodInvocationHelper.java:104)
	at org.testng.internal.Invoker.invokeMethod(Invoker.java:645)
	at org.testng.internal.Invoker.invokeTestMethod(Invoker.java:851)
	at org.testng.internal.Invoker.invokeTestMethods(Invoker.java:1177)
	at org.testng.internal.TestMethodWorker.invokeTestMethods(TestMethodWorker.java:129)
	at org.testng.internal.TestMethodWorker.run(TestMethodWorker.java:112)
	at org.testng.TestRunner.privateRun(TestRunner.java:781)
	at org.testng.TestRunner.run(TestRunner.java:635)
	at org.testng.SuiteRunner.runTest(SuiteRunner.java:387)
	at org.testng.SuiteRunner.runSequentially(SuiteRunner.java:382)
	at org.testng.SuiteRunner.privateRun(SuiteRunner.java:340)
	at org.testng.SuiteRunner.run(SuiteRunner.java:289)
	at org.testng.SuiteRunnerWorker.runSuite(SuiteRunnerWorker.java:52)
	at org.testng.SuiteRunnerWorker.run(SuiteRunnerWorker.java:86)
	at org.testng.TestNG.runSuitesSequentially(TestNG.java:1293)
	at org.testng.TestNG.runSuitesLocally(TestNG.java:1218)
	at org.testng.TestNG.runSuites(TestNG.java:1133)
	at org.testng.TestNG.run(TestNG.java:1104)
	at org.testng.TestNG.privateMain(TestNG.java:1434)
	at org.testng.TestNG.main(TestNG.java:1403)
]]>
            </full-stacktrace>
          </exception> <!-- com.qmetry.qaf.automation.core.AutomationError -->
          <reporter-output>
            <line>
              <![CDATA[<div style="display:block;margin-left:10px;"></div>]]>
            </line>
          </reporter-output>
        </test-method> <!-- search -->
        <test-method status="PASS" signature="afterClass(org.testng.ITestContext)[pri:0, instance:com.flipkart.Test.FlipkartTestSteps@7b446af8]" name="afterClass" is-config="true" duration-ms="0" started-at="2017-05-03T15:24:33Z" finished-at="2017-05-03T15:24:33Z">
          <params>
            <param index="0">
              <value>
                <![CDATA[org.testng.TestRunner@59643e65]]>
              </value>
            </param>
          </params>
          <reporter-output>
          </reporter-output>
        </test-method> <!-- afterClass -->
        <test-method status="PASS" signature="afterTest(org.testng.ITestContext)[pri:0, instance:com.flipkart.Test.FlipkartTestSteps@7b446af8]" name="afterTest" is-config="true" duration-ms="0" started-at="2017-05-03T15:24:33Z" finished-at="2017-05-03T15:24:33Z">
          <params>
            <param index="0">
              <value>
                <![CDATA[org.testng.TestRunner@59643e65]]>
              </value>
            </param>
          </params>
          <reporter-output>
          </reporter-output>
        </test-method> <!-- afterTest -->
        <test-method status="PASS" signature="afterMethod(org.testng.ITestContext, org.testng.ITestResult)[pri:0, instance:com.flipkart.Test.FlipkartTestSteps@7b446af8]" name="afterMethod" is-config="true" duration-ms="0" started-at="2017-05-03T15:24:33Z" finished-at="2017-05-03T15:24:33Z">
          <params>
            <param index="0">
              <value>
                <![CDATA[org.testng.TestRunner@59643e65]]>
              </value>
            </param>
            <param index="1">
              <value>
                <![CDATA[[TestResult name=search status=SKIP method=FlipkartTestSteps.search()[pri:0, instance:com.flipkart.Test.FlipkartTestSteps@7b446af8] output=<div style="display:block;margin-left:10px;"></div>]]]>
              </value>
            </param>
          </params>
          <reporter-output>
          </reporter-output>
        </test-method> <!-- afterMethod -->
        <test-method status="PASS" signature="afterSuit(org.testng.ITestContext)[pri:0, instance:com.flipkart.Test.FlipkartTestSteps@7b446af8]" name="afterSuit" is-config="true" duration-ms="0" started-at="2017-05-03T15:24:33Z" finished-at="2017-05-03T15:24:33Z">
          <params>
            <param index="0">
              <value>
                <![CDATA[org.testng.TestRunner@59643e65]]>
              </value>
            </param>
          </params>
          <reporter-output>
          </reporter-output>
        </test-method> <!-- afterSuit -->
      </class> <!-- com.flipkart.Test.FlipkartTestSteps -->
    </test> <!-- Test -->
  </suite> <!-- Suite -->
</testng-results>
