<?xml version="1.0" encoding="UTF-8"?>
<!-- Generated by org.testng.reporters.JUnitXMLReporter -->
<testsuite hostname="ICPL11544" name="BDD Test" tests="3" failures="0" timestamp="27 Mar 2017 09:21:33 GMT" time="14.019" errors="0">
  <testcase name="scenario1" time="11.368" classname="com.qmetry.qaf.automation.step.client.Scenario"/>
  <testcase name="scenario2" time="1.303" classname="com.qmetry.qaf.automation.step.client.Scenario"/>
  <testcase name="scenario3" time="1.131" classname="com.qmetry.qaf.automation.step.client.Scenario"/>
</testsuite> <!-- BDD Test -->
