<?xml version="1.0" encoding="UTF-8"?>
<!-- Generated by org.testng.reporters.JUnitXMLReporter -->
<testsuite hostname="ICPL11544" name="BDD Test" tests="3" failures="0" timestamp="4 Apr 2017 04:26:59 GMT" time="11.294" errors="0">
  <testcase name="scenario7" time="8.666" classname="com.qmetry.qaf.automation.step.client.DataDrivenScenario"/>
  <testcase name="scenario7" time="1.215" classname="com.qmetry.qaf.automation.step.client.DataDrivenScenario"/>
  <testcase name="scenario7" time="1.239" classname="com.qmetry.qaf.automation.step.client.DataDrivenScenario"/>
</testsuite> <!-- BDD Test -->
